Using pre-set license
Built from '2020.3/staging' branch; Version is '2020.3.8f1 (507919d4fff5) revision 5273881'; Using compiler version '192528614'; Build Type 'Release'
OS: 'Windows 10 Home Single Language; OS build 19042.985; Version 2009; 64bit' Language: 'pt' Physical Memory: 8072 MB
BatchMode: 1, IsHumanControllingUs: 0, StartBugReporterOnCrash: 0, Is64bit: 1, IsPro: 0

 COMMAND LINE ARGUMENTS:
C:\Program Files\Unity\Hub\Editor\2020.3.8f1\Editor\Unity.exe
-adb2
-batchMode
-noUpm
-name
AssetImportWorker2
-projectPath
C:/Users/Giulia/Desktop/unity-endless-runner
-logFile
Logs/AssetImportWorker2.log
-srvPort
50317
Successfully changed project path to: C:/Users/Giulia/Desktop/unity-endless-runner
C:/Users/Giulia/Desktop/unity-endless-runner
Using Asset Import Pipeline V2.
Refreshing native plugins compatible for Editor in 86.12 ms, found 0 plugins.
Preloading 0 native plugins for Editor in 0.00 ms.
Initialize engine version: 2020.3.8f1 (507919d4fff5)
[Subsystems] Discovering subsystems at path C:/Program Files/Unity/Hub/Editor/2020.3.8f1/Editor/Data/Resources/UnitySubsystems
[Subsystems] Discovering subsystems at path C:/Users/Giulia/Desktop/unity-endless-runner/Assets
GfxDevice: creating device client; threaded=0
Direct3D:
    Version:  Direct3D 11.0 [level 11.1]
    Renderer: NVIDIA GeForce GTX 1050 (ID=0x1c91)
    Vendor:   
    VRAM:     2996 MB
    Driver:   27.21.14.5167
Initialize mono
Mono path[0] = 'C:/Program Files/Unity/Hub/Editor/2020.3.8f1/Editor/Data/Managed'
Mono path[1] = 'C:/Program Files/Unity/Hub/Editor/2020.3.8f1/Editor/Data/MonoBleedingEdge/lib/mono/unityjit'
Mono config path = 'C:/Program Files/Unity/Hub/Editor/2020.3.8f1/Editor/Data/MonoBleedingEdge/etc'
Using monoOptions --debugger-agent=transport=dt_socket,embedding=1,server=y,suspend=n,address=127.0.0.1:56484
Begin MonoManager ReloadAssembly
Registering precompiled unity dll's ...
Register platform support module: C:/Program Files/Unity/Hub/Editor/2020.3.8f1/Editor/Data/PlaybackEngines/WindowsStandaloneSupport/UnityEditor.WindowsStandalone.Extensions.dll
Registered in 0.006002 seconds.
Native extension for WindowsStandalone target not found
Refreshing native plugins compatible for Editor in 70.85 ms, found 0 plugins.
Preloading 0 native plugins for Editor in 0.00 ms.
Mono: successfully reloaded assembly
- Completed reload, in  2.692 seconds
Platform modules already initialized, skipping
Registering precompiled user dll's ...
Registered in 0.005248 seconds.
Begin MonoManager ReloadAssembly
Native extension for WindowsStandalone target not found
Refreshing native plugins compatible for Editor in 0.57 ms, found 0 plugins.
Preloading 0 native plugins for Editor in 0.00 ms.
Mono: successfully reloaded assembly
- Completed reload, in  2.284 seconds
Platform modules already initialized, skipping
========================================================================
Worker process is ready to serve import requests
Launched and connected shader compiler UnityShaderCompiler.exe after 0.14 seconds
Refreshing native plugins compatible for Editor in 0.94 ms, found 0 plugins.
Preloading 0 native plugins for Editor in 0.00 ms.
Unloading 1152 Unused Serialized files (Serialized files now loaded: 0)
System memory in use before: 65.6 MB.
System memory in use after: 65.6 MB.

Unloading 11 unused Assets to reduce memory usage. Loaded Objects now: 1608.
Total: 5.261700 ms (FindLiveObjects: 0.402800 ms CreateObjectMapping: 0.143600 ms MarkObjects: 4.545200 ms  DeleteObjects: 0.167300 ms)

========================================================================
Received Import Request.
  path: Assets/Materials/Car02.mat
  artifactKey: Guid(ba32940091fa1bf4eb3605bc89fc4cd2) Importer(815301076,1909f56bfc062723c751e8b465ee728b)
Start importing Assets/Materials/Car02.mat using Guid(ba32940091fa1bf4eb3605bc89fc4cd2) Importer(815301076,1909f56bfc062723c751e8b465ee728b)  -> (artifact id: '3cf61d3aee164510139fbf23245d4a4a') in 1.198100 seconds
  Import took 1.241820 seconds .

========================================================================
Received Import Request.
  Time since last request: 0.000367 seconds.
  path: Assets/Models/NightTime/Warehouse02Night.fbx
  artifactKey: Guid(54de94a1e15933648bd019abb39fbcec) Importer(815301076,1909f56bfc062723c751e8b465ee728b)
Start importing Assets/Models/NightTime/Warehouse02Night.fbx using Guid(54de94a1e15933648bd019abb39fbcec) Importer(815301076,1909f56bfc062723c751e8b465ee728b)  -> (artifact id: '6dbfce3292b0f97c9b95571d927f96db') in 1.081262 seconds
  Import took 1.110809 seconds .

========================================================================
Received Import Request.
  Time since last request: 0.000808 seconds.
  path: Assets/Textures/WarningLightAlbedo.tif
  artifactKey: Guid(5e869e49c48392941a86999cef370ecf) Importer(815301076,1909f56bfc062723c751e8b465ee728b)
Start importing Assets/Textures/WarningLightAlbedo.tif using Guid(5e869e49c48392941a86999cef370ecf) Importer(815301076,1909f56bfc062723c751e8b465ee728b)  -> (artifact id: '779aa41c0a687252b1e13fe9a32cc34d') in 0.192682 seconds
  Import took 0.245048 seconds .

========================================================================
Received Import Request.
  Time since last request: 0.000596 seconds.
  path: Assets/Textures/WashingLineClothesAlbedo.png
  artifactKey: Guid(9baf6e72cc9bd7b4293830149cc335fe) Importer(815301076,1909f56bfc062723c751e8b465ee728b)
Start importing Assets/Textures/WashingLineClothesAlbedo.png using Guid(9baf6e72cc9bd7b4293830149cc335fe) Importer(815301076,1909f56bfc062723c751e8b465ee728b)  -> (artifact id: 'cdde46221a94cb10c4dbee2e93a13ba9') in 0.454000 seconds
  Import took 0.483843 seconds .

========================================================================
Received Import Request.
  Time since last request: 0.000762 seconds.
  path: Assets/Models/Yurowm/Demo/Prefabs/Button.prefab
  artifactKey: Guid(ac464134525d4264d8c5965d7eccee5c) Importer(815301076,1909f56bfc062723c751e8b465ee728b)
Start importing Assets/Models/Yurowm/Demo/Prefabs/Button.prefab using Guid(ac464134525d4264d8c5965d7eccee5c) Importer(815301076,1909f56bfc062723c751e8b465ee728b)  -> (artifact id: 'bafd7232422830b64cd3a24092165e93') in 0.146574 seconds
  Import took 0.272039 seconds .

========================================================================
Received Import Request.
  Time since last request: 0.000790 seconds.
  path: Assets/Models/NightTime/Warehouse03Night.fbx
  artifactKey: Guid(6ebf673298263a6499c690a44d8e8b25) Importer(815301076,1909f56bfc062723c751e8b465ee728b)
Start importing Assets/Models/NightTime/Warehouse03Night.fbx using Guid(6ebf673298263a6499c690a44d8e8b25) Importer(815301076,1909f56bfc062723c751e8b465ee728b)  -> (artifact id: '0ad004c0d5499b01734ac2395cc8d741') in 0.098949 seconds
  Import took 0.119946 seconds .

========================================================================
Received Import Request.
  Time since last request: 0.000749 seconds.
  path: Assets/Animation/MenuActors.fbx
  artifactKey: Guid(4f0bdd1a545262546a88cd46d13156f8) Importer(815301076,1909f56bfc062723c751e8b465ee728b)
Start importing Assets/Animation/MenuActors.fbx using Guid(4f0bdd1a545262546a88cd46d13156f8) Importer(815301076,1909f56bfc062723c751e8b465ee728b)  -> (artifact id: 'bb52496d6fdf70c245db56a82a48e6c8') in 0.801258 seconds
  Import took 0.809782 seconds .

========================================================================
Received Prepare
Registering precompiled user dll's ...
Registered in 0.003342 seconds.
Begin MonoManager ReloadAssembly
Native extension for WindowsStandalone target not found
Refreshing native plugins compatible for Editor in 0.52 ms, found 0 plugins.
Preloading 0 native plugins for Editor in 0.00 ms.
Mono: successfully reloaded assembly
- Completed reload, in  2.580 seconds
Platform modules already initialized, skipping
Refreshing native plugins compatible for Editor in 0.36 ms, found 0 plugins.
Preloading 0 native plugins for Editor in 0.00 ms.
Unloading 1140 Unused Serialized files (Serialized files now loaded: 0)
System memory in use before: 68.4 MB.
System memory in use after: 68.5 MB.

Unloading 6 unused Assets to reduce memory usage. Loaded Objects now: 1657.
Total: 2.467900 ms (FindLiveObjects: 0.195800 ms CreateObjectMapping: 0.057400 ms MarkObjects: 2.191600 ms  DeleteObjects: 0.021800 ms)

========================================================================
Received Prepare
Registering precompiled user dll's ...
Registered in 0.003477 seconds.
Begin MonoManager ReloadAssembly
Native extension for WindowsStandalone target not found
Refreshing native plugins compatible for Editor in 0.84 ms, found 0 plugins.
Preloading 0 native plugins for Editor in 0.00 ms.
Mono: successfully reloaded assembly
- Completed reload, in  2.048 seconds
Platform modules already initialized, skipping
Refreshing native plugins compatible for Editor in 0.49 ms, found 0 plugins.
Preloading 0 native plugins for Editor in 0.00 ms.
Unloading 1140 Unused Serialized files (Serialized files now loaded: 0)
System memory in use before: 68.4 MB.
System memory in use after: 68.5 MB.

Unloading 6 unused Assets to reduce memory usage. Loaded Objects now: 1660.
Total: 3.396600 ms (FindLiveObjects: 0.280200 ms CreateObjectMapping: 0.081600 ms MarkObjects: 2.999500 ms  DeleteObjects: 0.033000 ms)

========================================================================
Received Prepare
Registering precompiled user dll's ...
Registered in 0.007609 seconds.
Begin MonoManager ReloadAssembly
Native extension for WindowsStandalone target not found
Refreshing native plugins compatible for Editor in 0.60 ms, found 0 plugins.
Preloading 0 native plugins for Editor in 0.00 ms.
Mono: successfully reloaded assembly
- Completed reload, in  2.366 seconds
Platform modules already initialized, skipping
Refreshing native plugins compatible for Editor in 0.50 ms, found 0 plugins.
Preloading 0 native plugins for Editor in 0.00 ms.
Unloading 1140 Unused Serialized files (Serialized files now loaded: 0)
System memory in use before: 68.4 MB.
System memory in use after: 68.5 MB.

Unloading 6 unused Assets to reduce memory usage. Loaded Objects now: 1663.
Total: 3.636300 ms (FindLiveObjects: 0.258400 ms CreateObjectMapping: 0.075300 ms MarkObjects: 3.263200 ms  DeleteObjects: 0.037100 ms)

========================================================================
Received Prepare
Registering precompiled user dll's ...
Registered in 0.005182 seconds.
Begin MonoManager ReloadAssembly
Native extension for WindowsStandalone target not found
Refreshing native plugins compatible for Editor in 0.44 ms, found 0 plugins.
Preloading 0 native plugins for Editor in 0.00 ms.
Mono: successfully reloaded assembly
- Completed reload, in  2.582 seconds
Platform modules already initialized, skipping
Refreshing native plugins compatible for Editor in 0.64 ms, found 0 plugins.
Preloading 0 native plugins for Editor in 0.00 ms.
Unloading 1140 Unused Serialized files (Serialized files now loaded: 0)
System memory in use before: 68.5 MB.
System memory in use after: 68.5 MB.

Unloading 6 unused Assets to reduce memory usage. Loaded Objects now: 1666.
Total: 2.850800 ms (FindLiveObjects: 0.212000 ms CreateObjectMapping: 0.061100 ms MarkObjects: 2.542500 ms  DeleteObjects: 0.033500 ms)

========================================================================
Received Import Request.
  Time since last request: 439.147202 seconds.
  path: Assets/Scenes/FocusToReward.unity
  artifactKey: Guid(a6f991f7465f29547a82ca1682dcf3c7) Importer(815301076,1909f56bfc062723c751e8b465ee728b)
Start importing Assets/Scenes/FocusToReward.unity using Guid(a6f991f7465f29547a82ca1682dcf3c7) Importer(815301076,1909f56bfc062723c751e8b465ee728b)  -> (artifact id: '703554be8f6f9ded695afcaba5a2864f') in 0.176653 seconds
  Import took 0.247068 seconds .

========================================================================
Received Import Request.
  Time since last request: 1005.703222 seconds.
  path: Assets/UI/Circle.png
  artifactKey: Guid(ed55225ede368f446ae4089b5adf072a) Importer(815301076,1909f56bfc062723c751e8b465ee728b)
Start importing Assets/UI/Circle.png using Guid(ed55225ede368f446ae4089b5adf072a) Importer(815301076,1909f56bfc062723c751e8b465ee728b)  -> (artifact id: 'a785fe02e82d71ed89e7171029615c6f') in 0.097767 seconds
  Import took 0.262872 seconds .

========================================================================
Received Import Request.
  Time since last request: 0.003821 seconds.
  path: Assets/UI/Circle.png
  artifactKey: Guid(ed55225ede368f446ae4089b5adf072a) Importer(815301076,1909f56bfc062723c751e8b465ee728b)
Start importing Assets/UI/Circle.png using Guid(ed55225ede368f446ae4089b5adf072a) Importer(815301076,1909f56bfc062723c751e8b465ee728b)  -> (artifact id: 'a785fe02e82d71ed89e7171029615c6f') in 0.031677 seconds
  Import took 0.038849 seconds .

========================================================================
Received Prepare
Registering precompiled user dll's ...
Registered in 0.005780 seconds.
Begin MonoManager ReloadAssembly
Native extension for WindowsStandalone target not found
Refreshing native plugins compatible for Editor in 0.52 ms, found 0 plugins.
Preloading 0 native plugins for Editor in 0.00 ms.
Mono: successfully reloaded assembly
- Completed reload, in  2.347 seconds
Platform modules already initialized, skipping
Refreshing native plugins compatible for Editor in 0.51 ms, found 0 plugins.
Preloading 0 native plugins for Editor in 0.00 ms.
Unloading 1140 Unused Serialized files (Serialized files now loaded: 0)
System memory in use before: 68.5 MB.
System memory in use after: 68.6 MB.

Unloading 6 unused Assets to reduce memory usage. Loaded Objects now: 1669.
Total: 3.694500 ms (FindLiveObjects: 0.262800 ms CreateObjectMapping: 0.085600 ms MarkObjects: 3.309300 ms  DeleteObjects: 0.034400 ms)

========================================================================
Received Import Request.
  Time since last request: 127.493857 seconds.
  path: Assets/Circle.png
  artifactKey: Guid(87224fc5c3d0c3e438fca519e903d475) Importer(815301076,1909f56bfc062723c751e8b465ee728b)
Start importing Assets/Circle.png using Guid(87224fc5c3d0c3e438fca519e903d475) Importer(815301076,1909f56bfc062723c751e8b465ee728b)  -> (artifact id: '36195d05ea7c286ba1c562b71374bd8c') in 0.126106 seconds
  Import took 0.212602 seconds .

========================================================================
Received Import Request.
  Time since last request: 0.010748 seconds.
  path: Assets/Circle.png
  artifactKey: Guid(87224fc5c3d0c3e438fca519e903d475) Importer(815301076,1909f56bfc062723c751e8b465ee728b)
Start importing Assets/Circle.png using Guid(87224fc5c3d0c3e438fca519e903d475) Importer(815301076,1909f56bfc062723c751e8b465ee728b)  -> (artifact id: '36195d05ea7c286ba1c562b71374bd8c') in 0.033291 seconds
  Import took 0.040048 seconds .

========================================================================
Received Prepare
Registering precompiled user dll's ...
Registered in 0.008345 seconds.
Begin MonoManager ReloadAssembly
Native extension for WindowsStandalone target not found
Refreshing native plugins compatible for Editor in 0.62 ms, found 0 plugins.
Preloading 0 native plugins for Editor in 0.00 ms.
Mono: successfully reloaded assembly
- Completed reload, in  2.398 seconds
Platform modules already initialized, skipping
Refreshing native plugins compatible for Editor in 0.53 ms, found 0 plugins.
Preloading 0 native plugins for Editor in 0.00 ms.
Unloading 1140 Unused Serialized files (Serialized files now loaded: 0)
System memory in use before: 68.5 MB.
System memory in use after: 68.6 MB.

Unloading 6 unused Assets to reduce memory usage. Loaded Objects now: 1672.
Total: 3.398000 ms (FindLiveObjects: 0.280400 ms CreateObjectMapping: 0.074700 ms MarkObjects: 2.989800 ms  DeleteObjects: 0.051300 ms)

========================================================================
Received Prepare
Registering precompiled user dll's ...
Registered in 0.006016 seconds.
Begin MonoManager ReloadAssembly
Native extension for WindowsStandalone target not found
Refreshing native plugins compatible for Editor in 0.97 ms, found 0 plugins.
Preloading 0 native plugins for Editor in 0.00 ms.
Mono: successfully reloaded assembly
- Completed reload, in  2.672 seconds
Platform modules already initialized, skipping
Refreshing native plugins compatible for Editor in 0.54 ms, found 0 plugins.
Preloading 0 native plugins for Editor in 0.00 ms.
Unloading 1140 Unused Serialized files (Serialized files now loaded: 0)
System memory in use before: 68.5 MB.
System memory in use after: 68.6 MB.

Unloading 6 unused Assets to reduce memory usage. Loaded Objects now: 1675.
Total: 2.453600 ms (FindLiveObjects: 0.186600 ms CreateObjectMapping: 0.052500 ms MarkObjects: 2.186600 ms  DeleteObjects: 0.026700 ms)

========================================================================
Received Prepare
Registering precompiled user dll's ...
Registered in 0.007473 seconds.
Begin MonoManager ReloadAssembly
Native extension for WindowsStandalone target not found
Refreshing native plugins compatible for Editor in 0.38 ms, found 0 plugins.
Preloading 0 native plugins for Editor in 0.00 ms.
Mono: successfully reloaded assembly
- Completed reload, in  2.435 seconds
Platform modules already initialized, skipping
Refreshing native plugins compatible for Editor in 0.56 ms, found 0 plugins.
Preloading 0 native plugins for Editor in 0.00 ms.
Unloading 1140 Unused Serialized files (Serialized files now loaded: 0)
System memory in use before: 68.5 MB.
System memory in use after: 68.6 MB.

Unloading 6 unused Assets to reduce memory usage. Loaded Objects now: 1678.
Total: 3.793100 ms (FindLiveObjects: 0.278500 ms CreateObjectMapping: 0.073900 ms MarkObjects: 3.406800 ms  DeleteObjects: 0.032000 ms)

========================================================================
Received Import Request.
  Time since last request: 1788.389696 seconds.
  path: Assets/Scripts
  artifactKey: Guid(73f0a14f47cc56140a81a93b48cb56bb) Importer(815301076,1909f56bfc062723c751e8b465ee728b)
Start importing Assets/Scripts using Guid(73f0a14f47cc56140a81a93b48cb56bb) Importer(815301076,1909f56bfc062723c751e8b465ee728b)  -> (artifact id: '123507d40305732a11510c9d6ae6596b') in 0.026100 seconds
  Import took 0.067649 seconds .

========================================================================
Received Prepare
Registering precompiled user dll's ...
Registered in 0.003373 seconds.
Begin MonoManager ReloadAssembly
Native extension for WindowsStandalone target not found
Refreshing native plugins compatible for Editor in 0.52 ms, found 0 plugins.
Preloading 0 native plugins for Editor in 0.00 ms.
Mono: successfully reloaded assembly
- Completed reload, in  2.311 seconds
Platform modules already initialized, skipping
Refreshing native plugins compatible for Editor in 0.51 ms, found 0 plugins.
Preloading 0 native plugins for Editor in 0.00 ms.
Unloading 1141 Unused Serialized files (Serialized files now loaded: 0)
System memory in use before: 68.5 MB.
System memory in use after: 68.6 MB.

Unloading 6 unused Assets to reduce memory usage. Loaded Objects now: 1682.
Total: 3.624100 ms (FindLiveObjects: 0.262100 ms CreateObjectMapping: 0.078900 ms MarkObjects: 3.251600 ms  DeleteObjects: 0.029700 ms)

========================================================================
Received Prepare
Registering precompiled user dll's ...
Registered in 0.003443 seconds.
Begin MonoManager ReloadAssembly
Native extension for WindowsStandalone target not found
Refreshing native plugins compatible for Editor in 0.51 ms, found 0 plugins.
Preloading 0 native plugins for Editor in 0.00 ms.
Mono: successfully reloaded assembly
- Completed reload, in  1.832 seconds
Platform modules already initialized, skipping
Refreshing native plugins compatible for Editor in 0.81 ms, found 0 plugins.
Preloading 0 native plugins for Editor in 0.00 ms.
Unloading 1141 Unused Serialized files (Serialized files now loaded: 0)
System memory in use before: 68.5 MB.
System memory in use after: 68.6 MB.

Unloading 6 unused Assets to reduce memory usage. Loaded Objects now: 1685.
Total: 3.646300 ms (FindLiveObjects: 0.259600 ms CreateObjectMapping: 0.074100 ms MarkObjects: 3.277700 ms  DeleteObjects: 0.032900 ms)

========================================================================
Received Import Request.
  Time since last request: 149.053950 seconds.
  path: Assets/Scripts/ProgressBar.cs
  artifactKey: Guid(c448d56552fd7434abfe99dc488e663c) Importer(815301076,1909f56bfc062723c751e8b465ee728b)
Start importing Assets/Scripts/ProgressBar.cs using Guid(c448d56552fd7434abfe99dc488e663c) Importer(815301076,1909f56bfc062723c751e8b465ee728b)  -> (artifact id: 'bc908ddffc128378759cba76acc71d16') in 0.050753 seconds
  Import took 0.072599 seconds .

========================================================================
Received Prepare
Registering precompiled user dll's ...
Registered in 0.003582 seconds.
Begin MonoManager ReloadAssembly
Native extension for WindowsStandalone target not found
Refreshing native plugins compatible for Editor in 0.91 ms, found 0 plugins.
Preloading 0 native plugins for Editor in 0.00 ms.
Mono: successfully reloaded assembly
- Completed reload, in  2.434 seconds
Platform modules already initialized, skipping
Refreshing native plugins compatible for Editor in 0.65 ms, found 0 plugins.
Preloading 0 native plugins for Editor in 0.00 ms.
Unloading 1141 Unused Serialized files (Serialized files now loaded: 0)
System memory in use before: 68.6 MB.
System memory in use after: 68.7 MB.

Unloading 6 unused Assets to reduce memory usage. Loaded Objects now: 1688.
Total: 4.025400 ms (FindLiveObjects: 0.338900 ms CreateObjectMapping: 0.106800 ms MarkObjects: 3.543700 ms  DeleteObjects: 0.030900 ms)

========================================================================
Received Import Request.
  Time since last request: 353.723368 seconds.
  path: Assets/Scripts/ProgressBar.cs
  artifactKey: Guid(c448d56552fd7434abfe99dc488e663c) Importer(815301076,1909f56bfc062723c751e8b465ee728b)
Start importing Assets/Scripts/ProgressBar.cs using Guid(c448d56552fd7434abfe99dc488e663c) Importer(815301076,1909f56bfc062723c751e8b465ee728b)  -> (artifact id: '8dc69dd54f5ff7c8bf7034f557b70b4f') in 0.009647 seconds
  Import took 0.059953 seconds .

========================================================================
Received Prepare
Registering precompiled user dll's ...
Registered in 0.003064 seconds.
Begin MonoManager ReloadAssembly
Native extension for WindowsStandalone target not found
Refreshing native plugins compatible for Editor in 0.57 ms, found 0 plugins.
Preloading 0 native plugins for Editor in 0.00 ms.
Mono: successfully reloaded assembly
- Completed reload, in  1.988 seconds
Platform modules already initialized, skipping
Refreshing native plugins compatible for Editor in 0.93 ms, found 0 plugins.
Preloading 0 native plugins for Editor in 0.00 ms.
Unloading 1141 Unused Serialized files (Serialized files now loaded: 0)
System memory in use before: 68.6 MB.
System memory in use after: 68.7 MB.

Unloading 6 unused Assets to reduce memory usage. Loaded Objects now: 1691.
Total: 4.721600 ms (FindLiveObjects: 0.264800 ms CreateObjectMapping: 0.090300 ms MarkObjects: 4.301900 ms  DeleteObjects: 0.058600 ms)

========================================================================
Received Import Request.
  Time since last request: 270.608208 seconds.
  path: Assets/Scripts/Menu.cs
  artifactKey: Guid(ab849b0c567e0e54dbe3034dd697083e) Importer(815301076,1909f56bfc062723c751e8b465ee728b)
Start importing Assets/Scripts/Menu.cs using Guid(ab849b0c567e0e54dbe3034dd697083e) Importer(815301076,1909f56bfc062723c751e8b465ee728b)  -> (artifact id: 'ec9b586b8bcc270881ddd05b861f2e9a') in 0.019621 seconds
  Import took 0.044639 seconds .

========================================================================
Received Prepare
Registering precompiled user dll's ...
Registered in 0.004025 seconds.
Begin MonoManager ReloadAssembly
Native extension for WindowsStandalone target not found
Refreshing native plugins compatible for Editor in 0.56 ms, found 0 plugins.
Preloading 0 native plugins for Editor in 0.00 ms.
Mono: successfully reloaded assembly
- Completed reload, in  2.121 seconds
Platform modules already initialized, skipping
Refreshing native plugins compatible for Editor in 0.52 ms, found 0 plugins.
Preloading 0 native plugins for Editor in 0.00 ms.
Unloading 1141 Unused Serialized files (Serialized files now loaded: 0)
System memory in use before: 68.6 MB.
System memory in use after: 68.7 MB.

Unloading 6 unused Assets to reduce memory usage. Loaded Objects now: 1694.
Total: 3.310300 ms (FindLiveObjects: 0.261000 ms CreateObjectMapping: 0.086500 ms MarkObjects: 2.924500 ms  DeleteObjects: 0.036200 ms)

========================================================================
Received Prepare
Registering precompiled user dll's ...
Registered in 0.003928 seconds.
Begin MonoManager ReloadAssembly
Native extension for WindowsStandalone target not found
Refreshing native plugins compatible for Editor in 0.55 ms, found 0 plugins.
Preloading 0 native plugins for Editor in 0.00 ms.
Mono: successfully reloaded assembly
- Completed reload, in  1.828 seconds
Platform modules already initialized, skipping
Refreshing native plugins compatible for Editor in 0.52 ms, found 0 plugins.
Preloading 0 native plugins for Editor in 0.00 ms.
Unloading 1141 Unused Serialized files (Serialized files now loaded: 0)
System memory in use before: 68.6 MB.
System memory in use after: 68.7 MB.

Unloading 6 unused Assets to reduce memory usage. Loaded Objects now: 1697.
Total: 3.278700 ms (FindLiveObjects: 0.272100 ms CreateObjectMapping: 0.071900 ms MarkObjects: 2.903300 ms  DeleteObjects: 0.029500 ms)

========================================================================
Received Import Request.
  Time since last request: 239.644600 seconds.
  path: Assets/Scenes/Menu.unity
  artifactKey: Guid(fe606535c7ba78f488f17fc4b1c3929e) Importer(815301076,1909f56bfc062723c751e8b465ee728b)
Start importing Assets/Scenes/Menu.unity using Guid(fe606535c7ba78f488f17fc4b1c3929e) Importer(815301076,1909f56bfc062723c751e8b465ee728b)  -> (artifact id: '347affcd0820c60f43e9709c9df34272') in 0.096795 seconds
  Import took 0.157813 seconds .

========================================================================
Received Prepare
Registering precompiled user dll's ...
Registered in 0.008188 seconds.
Begin MonoManager ReloadAssembly
Native extension for WindowsStandalone target not found
Refreshing native plugins compatible for Editor in 0.90 ms, found 0 plugins.
Preloading 0 native plugins for Editor in 0.00 ms.
Mono: successfully reloaded assembly
- Completed reload, in  3.556 seconds
Platform modules already initialized, skipping
Refreshing native plugins compatible for Editor in 0.88 ms, found 0 plugins.
Preloading 0 native plugins for Editor in 0.00 ms.
Unloading 1141 Unused Serialized files (Serialized files now loaded: 0)
System memory in use before: 68.6 MB.
System memory in use after: 68.7 MB.

Unloading 6 unused Assets to reduce memory usage. Loaded Objects now: 1700.
Total: 3.545700 ms (FindLiveObjects: 0.298400 ms CreateObjectMapping: 0.106800 ms MarkObjects: 3.095500 ms  DeleteObjects: 0.043100 ms)

========================================================================
Received Import Request.
  Time since last request: 3353.753970 seconds.
  path: Assets/Scenes/ConnectHeadset.unity
  artifactKey: Guid(dc902c0070a9eb04890bda02f6a50029) Importer(815301076,1909f56bfc062723c751e8b465ee728b)
Start importing Assets/Scenes/ConnectHeadset.unity using Guid(dc902c0070a9eb04890bda02f6a50029) Importer(815301076,1909f56bfc062723c751e8b465ee728b)  -> (artifact id: '08583517d8f3983fa10ed15188dcaa65') in 0.067867 seconds
  Import took 0.142887 seconds .

========================================================================
Received Prepare
Registering precompiled user dll's ...
Registered in 0.002287 seconds.
Begin MonoManager ReloadAssembly
Native extension for WindowsStandalone target not found
Refreshing native plugins compatible for Editor in 0.54 ms, found 0 plugins.
Preloading 0 native plugins for Editor in 0.00 ms.
Mono: successfully reloaded assembly
- Completed reload, in  1.853 seconds
Platform modules already initialized, skipping
Refreshing native plugins compatible for Editor in 0.54 ms, found 0 plugins.
Preloading 0 native plugins for Editor in 0.00 ms.
Unloading 1141 Unused Serialized files (Serialized files now loaded: 0)
System memory in use before: 68.6 MB.
System memory in use after: 68.7 MB.

Unloading 6 unused Assets to reduce memory usage. Loaded Objects now: 1703.
Total: 3.401000 ms (FindLiveObjects: 0.265200 ms CreateObjectMapping: 0.087600 ms MarkObjects: 3.003300 ms  DeleteObjects: 0.043100 ms)

========================================================================
Received Prepare
Registering precompiled user dll's ...
Registered in 0.002333 seconds.
Begin MonoManager ReloadAssembly
Native extension for WindowsStandalone target not found
Refreshing native plugins compatible for Editor in 0.88 ms, found 0 plugins.
Preloading 0 native plugins for Editor in 0.00 ms.
Mono: successfully reloaded assembly
- Completed reload, in  1.820 seconds
Platform modules already initialized, skipping
Refreshing native plugins compatible for Editor in 0.37 ms, found 0 plugins.
Preloading 0 native plugins for Editor in 0.00 ms.
Unloading 1141 Unused Serialized files (Serialized files now loaded: 0)
System memory in use before: 68.6 MB.
System memory in use after: 68.7 MB.

Unloading 6 unused Assets to reduce memory usage. Loaded Objects now: 1706.
Total: 1.932000 ms (FindLiveObjects: 0.205900 ms CreateObjectMapping: 0.045900 ms MarkObjects: 1.662900 ms  DeleteObjects: 0.016100 ms)

========================================================================
Received Prepare
Registering precompiled user dll's ...
Registered in 0.005339 seconds.
Begin MonoManager ReloadAssembly
Native extension for WindowsStandalone target not found
Refreshing native plugins compatible for Editor in 0.28 ms, found 0 plugins.
Preloading 0 native plugins for Editor in 0.00 ms.
Mono: successfully reloaded assembly
- Completed reload, in  1.576 seconds
Platform modules already initialized, skipping
Refreshing native plugins compatible for Editor in 0.98 ms, found 0 plugins.
Preloading 0 native plugins for Editor in 0.00 ms.
Unloading 1141 Unused Serialized files (Serialized files now loaded: 0)
System memory in use before: 68.6 MB.
System memory in use after: 68.7 MB.

Unloading 6 unused Assets to reduce memory usage. Loaded Objects now: 1709.
Total: 3.536400 ms (FindLiveObjects: 0.287100 ms CreateObjectMapping: 0.094600 ms MarkObjects: 3.119100 ms  DeleteObjects: 0.033700 ms)

========================================================================
Received Prepare
Registering precompiled user dll's ...
Registered in 0.004435 seconds.
Begin MonoManager ReloadAssembly
Native extension for WindowsStandalone target not found
Refreshing native plugins compatible for Editor in 0.49 ms, found 0 plugins.
Preloading 0 native plugins for Editor in 0.00 ms.
Mono: successfully reloaded assembly
- Completed reload, in  2.003 seconds
Platform modules already initialized, skipping
Refreshing native plugins compatible for Editor in 0.60 ms, found 0 plugins.
Preloading 0 native plugins for Editor in 0.00 ms.
Unloading 1141 Unused Serialized files (Serialized files now loaded: 0)
System memory in use before: 68.6 MB.
System memory in use after: 68.7 MB.

Unloading 6 unused Assets to reduce memory usage. Loaded Objects now: 1712.
Total: 3.493400 ms (FindLiveObjects: 0.240600 ms CreateObjectMapping: 0.084400 ms MarkObjects: 3.140300 ms  DeleteObjects: 0.026400 ms)

========================================================================
Received Prepare
Registering precompiled user dll's ...
Registered in 0.003739 seconds.
Begin MonoManager ReloadAssembly
Native extension for WindowsStandalone target not found
Refreshing native plugins compatible for Editor in 0.39 ms, found 0 plugins.
Preloading 0 native plugins for Editor in 0.00 ms.
Mono: successfully reloaded assembly
- Completed reload, in  1.730 seconds
Platform modules already initialized, skipping
Refreshing native plugins compatible for Editor in 0.36 ms, found 0 plugins.
Preloading 0 native plugins for Editor in 0.00 ms.
Unloading 1141 Unused Serialized files (Serialized files now loaded: 0)
System memory in use before: 68.6 MB.
System memory in use after: 68.7 MB.

Unloading 6 unused Assets to reduce memory usage. Loaded Objects now: 1715.
Total: 2.385400 ms (FindLiveObjects: 0.202800 ms CreateObjectMapping: 0.048600 ms MarkObjects: 2.101200 ms  DeleteObjects: 0.031200 ms)

========================================================================
Received Prepare
Registering precompiled user dll's ...
Registered in 0.005058 seconds.
Begin MonoManager ReloadAssembly
Native extension for WindowsStandalone target not found
Refreshing native plugins compatible for Editor in 0.84 ms, found 0 plugins.
Preloading 0 native plugins for Editor in 0.00 ms.
Mono: successfully reloaded assembly
- Completed reload, in  1.708 seconds
Platform modules already initialized, skipping
Refreshing native plugins compatible for Editor in 0.29 ms, found 0 plugins.
Preloading 0 native plugins for Editor in 0.00 ms.
Unloading 1141 Unused Serialized files (Serialized files now loaded: 0)
System memory in use before: 68.6 MB.
System memory in use after: 68.7 MB.

Unloading 6 unused Assets to reduce memory usage. Loaded Objects now: 1718.
Total: 1.940300 ms (FindLiveObjects: 0.163300 ms CreateObjectMapping: 0.037800 ms MarkObjects: 1.723400 ms  DeleteObjects: 0.014700 ms)

========================================================================
Received Prepare
Registering precompiled user dll's ...
Registered in 0.002828 seconds.
Begin MonoManager ReloadAssembly
Native extension for WindowsStandalone target not found
Refreshing native plugins compatible for Editor in 0.39 ms, found 0 plugins.
Preloading 0 native plugins for Editor in 0.00 ms.
Mono: successfully reloaded assembly
- Completed reload, in  1.734 seconds
Platform modules already initialized, skipping
Refreshing native plugins compatible for Editor in 0.29 ms, found 0 plugins.
Preloading 0 native plugins for Editor in 0.00 ms.
Unloading 1141 Unused Serialized files (Serialized files now loaded: 0)
System memory in use before: 68.6 MB.
System memory in use after: 68.7 MB.

Unloading 6 unused Assets to reduce memory usage. Loaded Objects now: 1721.
Total: 1.795000 ms (FindLiveObjects: 0.149100 ms CreateObjectMapping: 0.035900 ms MarkObjects: 1.595900 ms  DeleteObjects: 0.013100 ms)

========================================================================
Received Prepare
Registering precompiled user dll's ...
Registered in 0.005084 seconds.
Begin MonoManager ReloadAssembly
Native extension for WindowsStandalone target not found
Refreshing native plugins compatible for Editor in 0.84 ms, found 0 plugins.
Preloading 0 native plugins for Editor in 0.00 ms.
Mono: successfully reloaded assembly
- Completed reload, in  2.680 seconds
Platform modules already initialized, skipping
Refreshing native plugins compatible for Editor in 0.84 ms, found 0 plugins.
Preloading 0 native plugins for Editor in 0.00 ms.
Unloading 1141 Unused Serialized files (Serialized files now loaded: 0)
System memory in use before: 68.6 MB.
System memory in use after: 68.7 MB.

Unloading 6 unused Assets to reduce memory usage. Loaded Objects now: 1724.
Total: 4.636000 ms (FindLiveObjects: 0.422500 ms CreateObjectMapping: 0.157300 ms MarkObjects: 4.023000 ms  DeleteObjects: 0.030900 ms)

========================================================================
Received Prepare
Registering precompiled user dll's ...
Registered in 0.003537 seconds.
Begin MonoManager ReloadAssembly
Native extension for WindowsStandalone target not found
Refreshing native plugins compatible for Editor in 0.54 ms, found 0 plugins.
Preloading 0 native plugins for Editor in 0.00 ms.
Mono: successfully reloaded assembly
- Completed reload, in  1.864 seconds
Platform modules already initialized, skipping
Refreshing native plugins compatible for Editor in 0.80 ms, found 0 plugins.
Preloading 0 native plugins for Editor in 0.00 ms.
Unloading 1141 Unused Serialized files (Serialized files now loaded: 0)
System memory in use before: 68.6 MB.
System memory in use after: 68.7 MB.

Unloading 6 unused Assets to reduce memory usage. Loaded Objects now: 1727.
Total: 3.146200 ms (FindLiveObjects: 0.255200 ms CreateObjectMapping: 0.047100 ms MarkObjects: 2.821300 ms  DeleteObjects: 0.020900 ms)

========================================================================
Received Prepare
Registering precompiled user dll's ...
Registered in 0.003525 seconds.
Begin MonoManager ReloadAssembly
Native extension for WindowsStandalone target not found
Refreshing native plugins compatible for Editor in 0.41 ms, found 0 plugins.
Preloading 0 native plugins for Editor in 0.00 ms.
Mono: successfully reloaded assembly
- Completed reload, in  1.720 seconds
Platform modules already initialized, skipping
Refreshing native plugins compatible for Editor in 0.41 ms, found 0 plugins.
Preloading 0 native plugins for Editor in 0.00 ms.
Unloading 1141 Unused Serialized files (Serialized files now loaded: 0)
System memory in use before: 68.6 MB.
System memory in use after: 68.7 MB.

Unloading 6 unused Assets to reduce memory usage. Loaded Objects now: 1730.
Total: 4.573300 ms (FindLiveObjects: 0.415100 ms CreateObjectMapping: 0.112200 ms MarkObjects: 3.978700 ms  DeleteObjects: 0.064500 ms)

========================================================================
Received Prepare
Registering precompiled user dll's ...
Registered in 0.001965 seconds.
Begin MonoManager ReloadAssembly
Native extension for WindowsStandalone target not found
Refreshing native plugins compatible for Editor in 0.26 ms, found 0 plugins.
Preloading 0 native plugins for Editor in 0.00 ms.
Mono: successfully reloaded assembly
- Completed reload, in  0.843 seconds
Platform modules already initialized, skipping
Refreshing native plugins compatible for Editor in 0.34 ms, found 0 plugins.
Preloading 0 native plugins for Editor in 0.00 ms.
Unloading 1141 Unused Serialized files (Serialized files now loaded: 0)
System memory in use before: 68.6 MB.
System memory in use after: 68.7 MB.

Unloading 6 unused Assets to reduce memory usage. Loaded Objects now: 1733.
Total: 2.141800 ms (FindLiveObjects: 0.136300 ms CreateObjectMapping: 0.051100 ms MarkObjects: 1.938200 ms  DeleteObjects: 0.015300 ms)

========================================================================
Received Import Request.
  Time since last request: 2064.586391 seconds.
  path: Assets/Scenes/ConnectHeadset.unity
  artifactKey: Guid(dc902c0070a9eb04890bda02f6a50029) Importer(815301076,1909f56bfc062723c751e8b465ee728b)
Start importing Assets/Scenes/ConnectHeadset.unity using Guid(dc902c0070a9eb04890bda02f6a50029) Importer(815301076,1909f56bfc062723c751e8b465ee728b)  -> (artifact id: 'aae12d5de1293700a0863b507b1af6ae') in 0.047259 seconds
  Import took 0.073266 seconds .

========================================================================
Received Import Request.
  Time since last request: 30.851082 seconds.
  path: Assets/Scenes/Menu.unity
  artifactKey: Guid(fe606535c7ba78f488f17fc4b1c3929e) Importer(815301076,1909f56bfc062723c751e8b465ee728b)
Start importing Assets/Scenes/Menu.unity using Guid(fe606535c7ba78f488f17fc4b1c3929e) Importer(815301076,1909f56bfc062723c751e8b465ee728b)  -> (artifact id: '8316a047b30833e80aa728999f8bcfa5') in 0.009860 seconds
  Import took 0.053513 seconds .

========================================================================
Received Prepare
Registering precompiled user dll's ...
Registered in 0.001905 seconds.
Begin MonoManager ReloadAssembly
Native extension for WindowsStandalone target not found
Refreshing native plugins compatible for Editor in 0.33 ms, found 0 plugins.
Preloading 0 native plugins for Editor in 0.00 ms.
Mono: successfully reloaded assembly
- Completed reload, in  1.084 seconds
Platform modules already initialized, skipping
Refreshing native plugins compatible for Editor in 0.26 ms, found 0 plugins.
Preloading 0 native plugins for Editor in 0.00 ms.
Unloading 1141 Unused Serialized files (Serialized files now loaded: 0)
System memory in use before: 68.7 MB.
System memory in use after: 68.8 MB.

Unloading 6 unused Assets to reduce memory usage. Loaded Objects now: 1736.
Total: 1.710200 ms (FindLiveObjects: 0.145100 ms CreateObjectMapping: 0.034700 ms MarkObjects: 1.511900 ms  DeleteObjects: 0.017600 ms)

========================================================================
Received Import Request.
  Time since last request: 457.777247 seconds.
  path: Assets/Scenes/Menu.unity
  artifactKey: Guid(fe606535c7ba78f488f17fc4b1c3929e) Importer(815301076,1909f56bfc062723c751e8b465ee728b)
Start importing Assets/Scenes/Menu.unity using Guid(fe606535c7ba78f488f17fc4b1c3929e) Importer(815301076,1909f56bfc062723c751e8b465ee728b)  -> (artifact id: '0ce883f2d14ea1e74452458ac470f450') in 0.019344 seconds
  Import took 0.022104 seconds .

========================================================================
Received Prepare
Registering precompiled user dll's ...
Registered in 0.002127 seconds.
Begin MonoManager ReloadAssembly
Native extension for WindowsStandalone target not found
Refreshing native plugins compatible for Editor in 0.36 ms, found 0 plugins.
Preloading 0 native plugins for Editor in 0.00 ms.
Mono: successfully reloaded assembly
- Completed reload, in  0.779 seconds
Platform modules already initialized, skipping
Refreshing native plugins compatible for Editor in 0.28 ms, found 0 plugins.
Preloading 0 native plugins for Editor in 0.00 ms.
Unloading 1141 Unused Serialized files (Serialized files now loaded: 0)
System memory in use before: 68.7 MB.
System memory in use after: 68.8 MB.

Unloading 6 unused Assets to reduce memory usage. Loaded Objects now: 1739.
Total: 2.967400 ms (FindLiveObjects: 0.170000 ms CreateObjectMapping: 0.040700 ms MarkObjects: 2.721800 ms  DeleteObjects: 0.033600 ms)

========================================================================
Received Prepare
Registering precompiled user dll's ...
Registered in 0.002010 seconds.
Begin MonoManager ReloadAssembly
Native extension for WindowsStandalone target not found
Refreshing native plugins compatible for Editor in 0.52 ms, found 0 plugins.
Preloading 0 native plugins for Editor in 0.00 ms.
Mono: successfully reloaded assembly
- Completed reload, in  0.850 seconds
Platform modules already initialized, skipping
Refreshing native plugins compatible for Editor in 0.26 ms, found 0 plugins.
Preloading 0 native plugins for Editor in 0.00 ms.
Unloading 1141 Unused Serialized files (Serialized files now loaded: 0)
System memory in use before: 68.7 MB.
System memory in use after: 68.8 MB.

Unloading 6 unused Assets to reduce memory usage. Loaded Objects now: 1742.
Total: 1.807700 ms (FindLiveObjects: 0.144700 ms CreateObjectMapping: 0.033600 ms MarkObjects: 1.615100 ms  DeleteObjects: 0.013500 ms)

========================================================================
Received Import Request.
  Time since last request: 315.781332 seconds.
  path: Assets/Scenes/FocusToReward.unity
  artifactKey: Guid(a6f991f7465f29547a82ca1682dcf3c7) Importer(815301076,1909f56bfc062723c751e8b465ee728b)
Start importing Assets/Scenes/FocusToReward.unity using Guid(a6f991f7465f29547a82ca1682dcf3c7) Importer(815301076,1909f56bfc062723c751e8b465ee728b)  -> (artifact id: 'b06e24fb02921de0dc4e60882aea900a') in 0.021052 seconds
  Import took 0.045283 seconds .

========================================================================
Received Prepare
Registering precompiled user dll's ...
Registered in 0.001905 seconds.
Begin MonoManager ReloadAssembly
Native extension for WindowsStandalone target not found
Refreshing native plugins compatible for Editor in 0.32 ms, found 0 plugins.
Preloading 0 native plugins for Editor in 0.00 ms.
Mono: successfully reloaded assembly
- Completed reload, in  0.880 seconds
Platform modules already initialized, skipping
Refreshing native plugins compatible for Editor in 0.26 ms, found 0 plugins.
Preloading 0 native plugins for Editor in 0.00 ms.
Unloading 1141 Unused Serialized files (Serialized files now loaded: 0)
System memory in use before: 68.7 MB.
System memory in use after: 68.8 MB.

Unloading 6 unused Assets to reduce memory usage. Loaded Objects now: 1745.
Total: 1.693400 ms (FindLiveObjects: 0.170900 ms CreateObjectMapping: 0.036600 ms MarkObjects: 1.471200 ms  DeleteObjects: 0.014000 ms)

========================================================================
Received Prepare
Registering precompiled user dll's ...
Registered in 0.002674 seconds.
Begin MonoManager ReloadAssembly
Native extension for WindowsStandalone target not found
Refreshing native plugins compatible for Editor in 0.65 ms, found 0 plugins.
Preloading 0 native plugins for Editor in 0.00 ms.
Mono: successfully reloaded assembly
- Completed reload, in  1.938 seconds
Platform modules already initialized, skipping
Refreshing native plugins compatible for Editor in 0.57 ms, found 0 plugins.
Preloading 0 native plugins for Editor in 0.00 ms.
Unloading 1141 Unused Serialized files (Serialized files now loaded: 0)
System memory in use before: 68.7 MB.
System memory in use after: 68.8 MB.

Unloading 6 unused Assets to reduce memory usage. Loaded Objects now: 1748.
Total: 2.834800 ms (FindLiveObjects: 0.240900 ms CreateObjectMapping: 0.051400 ms MarkObjects: 2.516500 ms  DeleteObjects: 0.024400 ms)

========================================================================
Received Import Request.
  Time since last request: 651.558920 seconds.
  path: Assets/Bundles/Themes/NightTime/Industrial/IndustrialWarehouse01.prefab
  artifactKey: Guid(baf31dc160e3099428326b5a83db46cd) Importer(815301076,1909f56bfc062723c751e8b465ee728b)
Start importing Assets/Bundles/Themes/NightTime/Industrial/IndustrialWarehouse01.prefab using Guid(baf31dc160e3099428326b5a83db46cd) Importer(815301076,1909f56bfc062723c751e8b465ee728b)  -> (artifact id: 'd71d2fba048f19bf5754f92b0a8a47b6') in 0.724225 seconds
  Import took 0.730000 seconds .

========================================================================
Received Import Request.
  Time since last request: 0.000528 seconds.
  path: Assets/Bundles/Themes/NightTime/Industrial/IndustrialWarehouse03.prefab
  artifactKey: Guid(6b55f4706bf1aa048a56792177cb63dc) Importer(815301076,1909f56bfc062723c751e8b465ee728b)
Start importing Assets/Bundles/Themes/NightTime/Industrial/IndustrialWarehouse03.prefab using Guid(6b55f4706bf1aa048a56792177cb63dc) Importer(815301076,1909f56bfc062723c751e8b465ee728b)  -> (artifact id: 'aade50c6954119064c4a377917ce1a84') in 0.204156 seconds
  Import took 0.213282 seconds .

========================================================================
Received Import Request.
  Time since last request: 0.000557 seconds.
  path: Assets/Bundles/Themes/NightTime/Industrial/IndustrialWarehouse02.prefab
  artifactKey: Guid(7f9eed4d340d06141a3c57dc69d8ed2c) Importer(815301076,1909f56bfc062723c751e8b465ee728b)
Start importing Assets/Bundles/Themes/NightTime/Industrial/IndustrialWarehouse02.prefab using Guid(7f9eed4d340d06141a3c57dc69d8ed2c) Importer(815301076,1909f56bfc062723c751e8b465ee728b)  -> (artifact id: 'd7b80cf6730291f4699f63dd1181b7f0') in 0.131958 seconds
  Import took 0.139882 seconds .

========================================================================
Received Import Request.
  Time since last request: 0.010520 seconds.
  path: Assets/Bundles/Themes/NightTime/Industrial/IndustrialWarehouse02.prefab
  artifactKey: Guid(7f9eed4d340d06141a3c57dc69d8ed2c) Importer(815301076,1909f56bfc062723c751e8b465ee728b)
Start importing Assets/Bundles/Themes/NightTime/Industrial/IndustrialWarehouse02.prefab using Guid(7f9eed4d340d06141a3c57dc69d8ed2c) Importer(815301076,1909f56bfc062723c751e8b465ee728b)  -> (artifact id: 'd7b80cf6730291f4699f63dd1181b7f0') in 0.080616 seconds
  Import took 0.090646 seconds .

========================================================================
Received Prepare
Registering precompiled user dll's ...
Registered in 0.004013 seconds.
Begin MonoManager ReloadAssembly
Native extension for WindowsStandalone target not found
Refreshing native plugins compatible for Editor in 0.38 ms, found 0 plugins.
Preloading 0 native plugins for Editor in 0.00 ms.
Mono: successfully reloaded assembly
- Completed reload, in  2.580 seconds
Platform modules already initialized, skipping
Refreshing native plugins compatible for Editor in 0.38 ms, found 0 plugins.
Preloading 0 native plugins for Editor in 0.00 ms.
Unloading 1141 Unused Serialized files (Serialized files now loaded: 0)
System memory in use before: 68.7 MB.
System memory in use after: 68.8 MB.

Unloading 6 unused Assets to reduce memory usage. Loaded Objects now: 1752.
Total: 2.475900 ms (FindLiveObjects: 0.270300 ms CreateObjectMapping: 0.073500 ms MarkObjects: 2.102000 ms  DeleteObjects: 0.028100 ms)

========================================================================
Received Prepare
Registering precompiled user dll's ...
Registered in 0.013185 seconds.
Begin MonoManager ReloadAssembly
Native extension for WindowsStandalone target not found
Refreshing native plugins compatible for Editor in 1.60 ms, found 0 plugins.
Preloading 0 native plugins for Editor in 0.00 ms.
Mono: successfully reloaded assembly
- Completed reload, in  7.484 seconds
Platform modules already initialized, skipping
Refreshing native plugins compatible for Editor in 0.69 ms, found 0 plugins.
Preloading 0 native plugins for Editor in 0.00 ms.
Unloading 1141 Unused Serialized files (Serialized files now loaded: 0)
System memory in use before: 68.7 MB.
System memory in use after: 68.8 MB.

Unloading 6 unused Assets to reduce memory usage. Loaded Objects now: 1755.
Total: 6.874200 ms (FindLiveObjects: 0.408500 ms CreateObjectMapping: 0.149300 ms MarkObjects: 6.214700 ms  DeleteObjects: 0.098400 ms)

