Using pre-set license
Built from '2020.3/staging' branch; Version is '2020.3.11f1 (99c7afb366b3) revision 10078127'; Using compiler version '192528614'; Build Type 'Release'
OS: 'Windows 10 Home Single Language; OS build 19042.1165; Version 2009; 64bit' Language: 'pt' Physical Memory: 8006 MB
BatchMode: 1, IsHumanControllingUs: 0, StartBugReporterOnCrash: 0, Is64bit: 1, IsPro: 0

 COMMAND LINE ARGUMENTS:
C:\Program Files\2020.3.11f1\Editor\Unity.exe
-adb2
-batchMode
-noUpm
-name
AssetImportWorker3
-projectPath
C:/Users/SAMSUNG/Documents/GitHub/unity-mindwave-runner
-logFile
Logs/AssetImportWorker3.log
-srvPort
53446
Successfully changed project path to: C:/Users/SAMSUNG/Documents/GitHub/unity-mindwave-runner
C:/Users/SAMSUNG/Documents/GitHub/unity-mindwave-runner
Using Asset Import Pipeline V2.
Refreshing native plugins compatible for Editor in 383.07 ms, found 2 plugins.
Preloading 0 native plugins for Editor in 0.00 ms.
Initialize engine version: 2020.3.11f1 (99c7afb366b3)
[Subsystems] Discovering subsystems at path C:/Program Files/2020.3.11f1/Editor/Data/Resources/UnitySubsystems
[Subsystems] Discovering subsystems at path C:/Users/SAMSUNG/Documents/GitHub/unity-mindwave-runner/Assets
GfxDevice: creating device client; threaded=0
Direct3D:
    Version:  Direct3D 11.0 [level 11.0]
    Renderer: NVIDIA GeForce MX110 (ID=0x174e)
    Vendor:   
    VRAM:     2010 MB
    Driver:   27.21.14.5167
Initialize mono
Mono path[0] = 'C:/Program Files/2020.3.11f1/Editor/Data/Managed'
Mono path[1] = 'C:/Program Files/2020.3.11f1/Editor/Data/MonoBleedingEdge/lib/mono/unityjit'
Mono config path = 'C:/Program Files/2020.3.11f1/Editor/Data/MonoBleedingEdge/etc'
Using monoOptions --debugger-agent=transport=dt_socket,embedding=1,server=y,suspend=n,address=127.0.0.1:56704
Begin MonoManager ReloadAssembly
Registering precompiled unity dll's ...
Register platform support module: C:/Program Files/2020.3.11f1/Editor/Data/PlaybackEngines/WindowsStandaloneSupport/UnityEditor.WindowsStandalone.Extensions.dll
Registered in 0.040299 seconds.
Native extension for WindowsStandalone target not found
Refreshing native plugins compatible for Editor in 40.84 ms, found 2 plugins.
Preloading 0 native plugins for Editor in 0.00 ms.
Mono: successfully reloaded assembly
- Completed reload, in  1.170 seconds
Platform modules already initialized, skipping
Registering precompiled user dll's ...
Registered in 0.124007 seconds.
Begin MonoManager ReloadAssembly
Native extension for WindowsStandalone target not found
Refreshing native plugins compatible for Editor in 0.59 ms, found 2 plugins.
Preloading 0 native plugins for Editor in 0.00 ms.
Mono: successfully reloaded assembly
- Completed reload, in  2.756 seconds
Platform modules already initialized, skipping
========================================================================
Worker process is ready to serve import requests
Launched and connected shader compiler UnityShaderCompiler.exe after 0.54 seconds
Refreshing native plugins compatible for Editor in 0.42 ms, found 2 plugins.
Preloading 0 native plugins for Editor in 0.00 ms.
Unloading 1425 Unused Serialized files (Serialized files now loaded: 0)
System memory in use before: 74.6 MB.
System memory in use after: 74.7 MB.

Unloading 19 unused Assets to reduce memory usage. Loaded Objects now: 1873.
Total: 2.898800 ms (FindLiveObjects: 0.420900 ms CreateObjectMapping: 0.063300 ms MarkObjects: 2.384500 ms  DeleteObjects: 0.028400 ms)

========================================================================
Received Import Request.
  path: Assets/Animation/ObstacleWorkCone_Death.fbx
  artifactKey: Guid(58219e8eced12ce4c9723796d507d515) Importer(815301076,1909f56bfc062723c751e8b465ee728b)
Start importing Assets/Animation/ObstacleWorkCone_Death.fbx using Guid(58219e8eced12ce4c9723796d507d515) Importer(815301076,1909f56bfc062723c751e8b465ee728b)  -> (artifact id: 'e645542d08e2da42ba71b3e3450be982') in 1.120753 seconds
  Import took 1.124110 seconds .

========================================================================
Received Import Request.
  Time since last request: 0.000325 seconds.
  path: Assets/Animation/ObstacleRoadWorksBarrier_Death.fbx
  artifactKey: Guid(3bbb4725b7e107143a0d7eeaa52be855) Importer(815301076,1909f56bfc062723c751e8b465ee728b)
Start importing Assets/Animation/ObstacleRoadWorksBarrier_Death.fbx using Guid(3bbb4725b7e107143a0d7eeaa52be855) Importer(815301076,1909f56bfc062723c751e8b465ee728b)  -> (artifact id: '98c2ef1123036f948d661a010468b113') in 0.036932 seconds
  Import took 0.040733 seconds .

========================================================================
Received Import Request.
  Time since last request: 0.000638 seconds.
  path: Assets/Animation/ObstacleBin.fbx
  artifactKey: Guid(0d2b18ab5b0d98e4e96bce5fbaea35f7) Importer(815301076,1909f56bfc062723c751e8b465ee728b)
Start importing Assets/Animation/ObstacleBin.fbx using Guid(0d2b18ab5b0d98e4e96bce5fbaea35f7) Importer(815301076,1909f56bfc062723c751e8b465ee728b)  -> (artifact id: '2757f95875af678450abe7403927aec8') in 0.111101 seconds
  Import took 0.114501 seconds .

========================================================================
Received Import Request.
  Time since last request: 0.000250 seconds.
  path: Assets/Animation/ObstacleWheelyBin.fbx
  artifactKey: Guid(89db83d228927234ab3737e12e64660e) Importer(815301076,1909f56bfc062723c751e8b465ee728b)
Start importing Assets/Animation/ObstacleWheelyBin.fbx using Guid(89db83d228927234ab3737e12e64660e) Importer(815301076,1909f56bfc062723c751e8b465ee728b)  -> (artifact id: 'abe91935bb89fb0edfe7f561980a6553') in 0.076138 seconds
  Import took 0.080407 seconds .

========================================================================
Received Import Request.
  Time since last request: 0.000284 seconds.
  path: Assets/Animation/Rat_Run.fbx
  artifactKey: Guid(1fa0d134c763a194ea3daba8ff85489a) Importer(815301076,1909f56bfc062723c751e8b465ee728b)
Start importing Assets/Animation/Rat_Run.fbx using Guid(1fa0d134c763a194ea3daba8ff85489a) Importer(815301076,1909f56bfc062723c751e8b465ee728b)  -> (artifact id: '852787d970698a7fc02376cdc1acc5af') in 0.075677 seconds
  Import took 0.080064 seconds .

========================================================================
Received Import Request.
  Time since last request: 0.000328 seconds.
  path: Assets/Scenes/DayRun.unity
  artifactKey: Guid(2608e9f84ce35dd46acda3ac2e08f83d) Importer(815301076,1909f56bfc062723c751e8b465ee728b)
Start importing Assets/Scenes/DayRun.unity using Guid(2608e9f84ce35dd46acda3ac2e08f83d) Importer(815301076,1909f56bfc062723c751e8b465ee728b)  -> (artifact id: '3d5fc43ec907ceaf5b836fd5687bc15b') in 0.008611 seconds
  Import took 0.012482 seconds .

========================================================================
Received Import Request.
  Time since last request: 0.000296 seconds.
  path: Assets/Animation/Rat_Death.fbx
  artifactKey: Guid(97d3d75c59ef7f544808ac9ea51905f2) Importer(815301076,1909f56bfc062723c751e8b465ee728b)
Start importing Assets/Animation/Rat_Death.fbx using Guid(97d3d75c59ef7f544808ac9ea51905f2) Importer(815301076,1909f56bfc062723c751e8b465ee728b)  -> (artifact id: 'e22ad4b47748bcdeddab13e0db8f2278') in 0.062045 seconds
  Import took 0.065267 seconds .

========================================================================
Received Import Request.
  Time since last request: 0.000227 seconds.
  path: Assets/Animation/ObstacleRoadWorksBarrierHigh_Death.fbx
  artifactKey: Guid(bbccc718107e16e4d9e070aa75df5218) Importer(815301076,1909f56bfc062723c751e8b465ee728b)
Start importing Assets/Animation/ObstacleRoadWorksBarrierHigh_Death.fbx using Guid(bbccc718107e16e4d9e070aa75df5218) Importer(815301076,1909f56bfc062723c751e8b465ee728b)  -> (artifact id: '3d7f1affa94192d969b2de3554d64f27') in 0.019765 seconds
  Import took 0.022896 seconds .

========================================================================
Received Prepare
Refreshing native plugins compatible for Editor in 246.15 ms, found 2 plugins.
Preloading 0 native plugins for Editor in 0.00 ms.
Unloading 14 Unused Serialized files (Serialized files now loaded: 0)
System memory in use before: 49.7 MB.
System memory in use after: 49.8 MB.

Unloading 13 unused Assets to reduce memory usage. Loaded Objects now: 1883.
Total: 3.704700 ms (FindLiveObjects: 0.164100 ms CreateObjectMapping: 0.048200 ms MarkObjects: 3.475400 ms  DeleteObjects: 0.015800 ms)

========================================================================
Received Prepare
Registering precompiled user dll's ...
Registered in 0.003681 seconds.
Begin MonoManager ReloadAssembly
Native extension for WindowsStandalone target not found
Refreshing native plugins compatible for Editor in 0.37 ms, found 2 plugins.
Preloading 0 native plugins for Editor in 0.00 ms.
Mono: successfully reloaded assembly
- Completed reload, in  0.834 seconds
Platform modules already initialized, skipping
Refreshing native plugins compatible for Editor in 0.36 ms, found 2 plugins.
Preloading 0 native plugins for Editor in 0.00 ms.
Unloading 1413 Unused Serialized files (Serialized files now loaded: 0)
System memory in use before: 77.2 MB.
System memory in use after: 77.3 MB.

Unloading 15 unused Assets to reduce memory usage. Loaded Objects now: 1886.
Total: 1.607600 ms (FindLiveObjects: 0.133600 ms CreateObjectMapping: 0.042200 ms MarkObjects: 1.417200 ms  DeleteObjects: 0.013900 ms)

========================================================================
Received Prepare
Registering precompiled user dll's ...
Registered in 0.003742 seconds.
Begin MonoManager ReloadAssembly
Native extension for WindowsStandalone target not found
Refreshing native plugins compatible for Editor in 0.37 ms, found 2 plugins.
Preloading 0 native plugins for Editor in 0.00 ms.
Mono: successfully reloaded assembly
- Completed reload, in  0.831 seconds
Platform modules already initialized, skipping
Refreshing native plugins compatible for Editor in 0.37 ms, found 2 plugins.
Preloading 0 native plugins for Editor in 0.00 ms.
Unloading 1413 Unused Serialized files (Serialized files now loaded: 0)
System memory in use before: 77.3 MB.
System memory in use after: 77.4 MB.

Unloading 15 unused Assets to reduce memory usage. Loaded Objects now: 1889.
Total: 1.884300 ms (FindLiveObjects: 0.148600 ms CreateObjectMapping: 0.037700 ms MarkObjects: 1.680600 ms  DeleteObjects: 0.016700 ms)

========================================================================
Received Prepare
Registering precompiled user dll's ...
Registered in 0.003759 seconds.
Begin MonoManager ReloadAssembly
Native extension for WindowsStandalone target not found
Refreshing native plugins compatible for Editor in 0.38 ms, found 2 plugins.
Preloading 0 native plugins for Editor in 0.00 ms.
Mono: successfully reloaded assembly
- Completed reload, in  0.843 seconds
Platform modules already initialized, skipping
Refreshing native plugins compatible for Editor in 0.37 ms, found 2 plugins.
Preloading 0 native plugins for Editor in 0.00 ms.
Unloading 1413 Unused Serialized files (Serialized files now loaded: 0)
System memory in use before: 77.3 MB.
System memory in use after: 77.4 MB.

Unloading 15 unused Assets to reduce memory usage. Loaded Objects now: 1892.
Total: 1.591300 ms (FindLiveObjects: 0.142400 ms CreateObjectMapping: 0.042800 ms MarkObjects: 1.390500 ms  DeleteObjects: 0.014600 ms)

========================================================================
Received Import Request.
  Time since last request: 614.818528 seconds.
  path: Assets/Scenes/Menu.unity
  artifactKey: Guid(fe606535c7ba78f488f17fc4b1c3929e) Importer(815301076,1909f56bfc062723c751e8b465ee728b)
Start importing Assets/Scenes/Menu.unity using Guid(fe606535c7ba78f488f17fc4b1c3929e) Importer(815301076,1909f56bfc062723c751e8b465ee728b)  -> (artifact id: 'c4be17c399711de97d4db81cdd51ee71') in 0.029086 seconds
  Import took 0.032334 seconds .

========================================================================
Received Import Request.
  Time since last request: 36.307922 seconds.
  path: Assets/Scenes/FocusToReward.unity
  artifactKey: Guid(a6f991f7465f29547a82ca1682dcf3c7) Importer(815301076,1909f56bfc062723c751e8b465ee728b)
Start importing Assets/Scenes/FocusToReward.unity using Guid(a6f991f7465f29547a82ca1682dcf3c7) Importer(815301076,1909f56bfc062723c751e8b465ee728b)  -> (artifact id: '2e2b86a46e5429f16ced3886b8093fb6') in 0.027873 seconds
  Import took 0.030209 seconds .

========================================================================
Received Prepare
Registering precompiled user dll's ...
Registered in 0.003638 seconds.
Begin MonoManager ReloadAssembly
Native extension for WindowsStandalone target not found
Refreshing native plugins compatible for Editor in 0.41 ms, found 2 plugins.
Preloading 0 native plugins for Editor in 0.00 ms.
Mono: successfully reloaded assembly
- Completed reload, in  0.867 seconds
Platform modules already initialized, skipping
Refreshing native plugins compatible for Editor in 0.37 ms, found 2 plugins.
Preloading 0 native plugins for Editor in 0.00 ms.
Unloading 1413 Unused Serialized files (Serialized files now loaded: 0)
System memory in use before: 77.3 MB.
System memory in use after: 77.4 MB.

Unloading 15 unused Assets to reduce memory usage. Loaded Objects now: 1895.
Total: 1.636000 ms (FindLiveObjects: 0.168600 ms CreateObjectMapping: 0.046300 ms MarkObjects: 1.405100 ms  DeleteObjects: 0.015100 ms)

========================================================================
Received Import Request.
  Time since last request: 188.261923 seconds.
  path: Assets/Scenes/FocusToReward.unity
  artifactKey: Guid(a6f991f7465f29547a82ca1682dcf3c7) Importer(815301076,1909f56bfc062723c751e8b465ee728b)
Start importing Assets/Scenes/FocusToReward.unity using Guid(a6f991f7465f29547a82ca1682dcf3c7) Importer(815301076,1909f56bfc062723c751e8b465ee728b)  -> (artifact id: '8c8b8ae812674e2d1dafb33f70ec947e') in 0.012937 seconds
  Import took 0.016660 seconds .

========================================================================
Received Prepare
Registering precompiled user dll's ...
Registered in 0.003660 seconds.
Begin MonoManager ReloadAssembly
Native extension for WindowsStandalone target not found
Refreshing native plugins compatible for Editor in 0.42 ms, found 2 plugins.
Preloading 0 native plugins for Editor in 0.00 ms.
Mono: successfully reloaded assembly
- Completed reload, in  0.837 seconds
Platform modules already initialized, skipping
Refreshing native plugins compatible for Editor in 0.39 ms, found 2 plugins.
Preloading 0 native plugins for Editor in 0.00 ms.
Unloading 1413 Unused Serialized files (Serialized files now loaded: 0)
System memory in use before: 77.3 MB.
System memory in use after: 77.4 MB.

Unloading 15 unused Assets to reduce memory usage. Loaded Objects now: 1898.
Total: 1.614200 ms (FindLiveObjects: 0.144100 ms CreateObjectMapping: 0.043300 ms MarkObjects: 1.410600 ms  DeleteObjects: 0.015300 ms)

AssetImportWorkerClient::OnTransportError - code=2 error=End of file
